TN:
SF:dist/lib/index.js
FN:1,Object.<anonymous>
FN:4,displayUserName
FNF:2
FNH:2
FNDA:1,Object.<anonymous>
FNDA:4,displayUserName
DA:1,1
DA:2,1
DA:3,1
DA:4,1
DA:5,4
DA:6,1
DA:7,1
LF:7
LH:7
BRDA:1,0,0,1
BRDA:1,1,0,1
BRDA:4,2,0,4
BRF:3
BRH:3
end_of_record
TN:
SF:dist/src/lib/index.js
FN:1,Object.<anonymous>
FN:4,displayUserName
FNF:2
FNH:2
FNDA:1,Object.<anonymous>
FNDA:4,displayUserName
DA:1,1
DA:2,1
DA:3,1
DA:4,1
DA:5,4
DA:6,1
DA:7,1
LF:7
LH:7
BRDA:1,0,0,1
BRDA:1,1,0,1
BRDA:4,2,0,4
BRF:3
BRH:3
end_of_record
TN:
SF:src/lib/index.ts
FN:3,displayUserName
FNF:1
FNH:1
FNDA:4,displayUserName
DA:1,1
DA:2,1
DA:3,1
DA:4,4
DA:5,4
LF:5
LH:5
BRDA:3,0,0,4
BRF:1
BRH:1
end_of_record
